E:\VISUAL C++2015秋季学期\讨论课3\BOXGAME\BOXGAME\DEBUG\BOXGAME.OBJ
E:\VISUAL C++2015秋季学期\讨论课3\BOXGAME\BOXGAME\DEBUG\VC110.PDB
E:\VISUAL C++2015秋季学期\讨论课3\BOXGAME\DEBUG\BOXGAME.ILK
E:\VISUAL C++2015秋季学期\讨论课3\BOXGAME\DEBUG\BOXGAME.EXE
E:\VISUAL C++2015秋季学期\讨论课3\BOXGAME\DEBUG\BOXGAME.PDB
E:\VISUAL C++2015秋季学期\讨论课3\BOXGAME\BOXGAME\DEBUG\BOXGAME.RES
E:\Visual C++2015秋季学期\讨论课3\BoxGame\BoxGame\Debug\BoxGame.obj
E:\Visual C++2015秋季学期\讨论课3\BoxGame\BoxGame\Debug\cl.command.1.tlog
E:\Visual C++2015秋季学期\讨论课3\BoxGame\BoxGame\Debug\CL.read.1.tlog
E:\Visual C++2015秋季学期\讨论课3\BoxGame\BoxGame\Debug\CL.write.1.tlog
E:\Visual C++2015秋季学期\讨论课3\BoxGame\BoxGame\Debug\link-cvtres.read.1.tlog
E:\Visual C++2015秋季学期\讨论课3\BoxGame\BoxGame\Debug\link-cvtres.write.1.tlog
E:\Visual C++2015秋季学期\讨论课3\BoxGame\BoxGame\Debug\link-rc.read.1.tlog
E:\Visual C++2015秋季学期\讨论课3\BoxGame\BoxGame\Debug\link-rc.write.1.tlog
E:\Visual C++2015秋季学期\讨论课3\BoxGame\BoxGame\Debug\link.command.1.tlog
E:\Visual C++2015秋季学期\讨论课3\BoxGame\BoxGame\Debug\link.read.1.tlog
E:\Visual C++2015秋季学期\讨论课3\BoxGame\BoxGame\Debug\link.write.1.tlog
E:\Visual C++2015秋季学期\讨论课3\BoxGame\BoxGame\Debug\rc.command.1.tlog
E:\Visual C++2015秋季学期\讨论课3\BoxGame\BoxGame\Debug\rc.read.1.tlog
E:\Visual C++2015秋季学期\讨论课3\BoxGame\BoxGame\Debug\rc.write.1.tlog
E:\Visual C++2015秋季学期\讨论课3\BoxGame\BoxGame\Debug\BoxGame.res
E:\Visual C++2015秋季学期\讨论课3\BoxGame\BoxGame\Debug\vc110.idb
E:\Visual C++2015秋季学期\讨论课3\BoxGame\BoxGame\Debug\vc110.pdb
E:\Visual C++2015秋季学期\讨论课3\BoxGame\Debug\BoxGame.pdb
E:\Visual C++2015秋季学期\讨论课3\BoxGame\Debug\BoxGame.exe
E:\Visual C++2015秋季学期\讨论课3\BoxGame\Debug\BoxGame.ilk
